The system is: Windows - 10.0.19043 - AMD64
Compiling the C compiler identification source file "CMakeCCompilerId.c" succeeded.
Compiler: E:/Programs/Microsoft Visual Studio/2019/Community/VC/Tools/MSVC/14.29.30133/bin/Hostx86/x86/cl.exe 
Build flags: 
Id flags:  

The output was:
0
Microsoft (R) C/C++ Optimizing Compiler Version 19.29.30133 for x86
Copyright (C) Microsoft Corporation.  All rights reserved.

CMakeCCompilerId.c
Microsoft (R) Incremental Linker Version 14.29.30133.0
Copyright (C) Microsoft Corporation.  All rights reserved.

/out:CMakeCCompilerId.exe 
CMakeCCompilerId.obj 


Compilation of the C compiler identification source "CMakeCCompilerId.c" produced "CMakeCCompilerId.exe"

Compilation of the C compiler identification source "CMakeCCompilerId.c" produced "CMakeCCompilerId.obj"

The C compiler identification is MSVC, found in "E:/OneDrive/Radboud/Software Security/Assignments/PREfast/cmake-build-debug/CMakeFiles/3.20.2/CompilerIdC/CMakeCCompilerId.exe"

Compiling the CXX compiler identification source file "CMakeCXXCompilerId.cpp" succeeded.
Compiler: E:/Programs/Microsoft Visual Studio/2019/Community/VC/Tools/MSVC/14.29.30133/bin/Hostx86/x86/cl.exe 
Build flags: 
Id flags:  

The output was:
0
Microsoft (R) C/C++ Optimizing Compiler Version 19.29.30133 for x86
Copyright (C) Microsoft Corporation.  All rights reserved.

CMakeCXXCompilerId.cpp
Microsoft (R) Incremental Linker Version 14.29.30133.0
Copyright (C) Microsoft Corporation.  All rights reserved.

/out:CMakeCXXCompilerId.exe 
CMakeCXXCompilerId.obj 


Compilation of the CXX compiler identification source "CMakeCXXCompilerId.cpp" produced "CMakeCXXCompilerId.exe"

Compilation of the CXX compiler identification source "CMakeCXXCompilerId.cpp" produced "CMakeCXXCompilerId.obj"

The CXX compiler identification is MSVC, found in "E:/OneDrive/Radboud/Software Security/Assignments/PREfast/cmake-build-debug/CMakeFiles/3.20.2/CompilerIdCXX/CMakeCXXCompilerId.exe"

Detecting C compiler ABI info compiled with the following output:
Change Dir: E:/OneDrive/Radboud/Software Security/Assignments/PREfast/cmake-build-debug/CMakeFiles/CMakeTmp

Run Build Command(s):nmake -f Makefile /nologo cmTC_e48b6\fast && 	"E:\Programs\Microsoft Visual Studio\2019\Community\VC\Tools\MSVC\14.29.30133\bin\HostX86\x86\nmake.exe"  -f CMakeFiles\cmTC_e48b6.dir\build.make /nologo -L                  CMakeFiles\cmTC_e48b6.dir\build
Building C object CMakeFiles/cmTC_e48b6.dir/CMakeCCompilerABI.c.obj
	E:\Programs\JetBrains\Toolbox\apps\CLion\ch-0\212.5284.51\bin\cmake\win\bin\cmake.exe -E cmake_cl_compile_depends --dep-file=CMakeFiles\cmTC_e48b6.dir\CMakeCCompilerABI.c.obj.d --working-dir="E:\OneDrive\Radboud\Software Security\Assignments\PREfast\cmake-build-debug\CMakeFiles\CMakeTmp" --filter-prefix="" -- "E:\Programs\Microsoft Visual Studio\2019\Community\VC\Tools\MSVC\14.29.30133\bin\Hostx86\x86\cl.exe" @C:\Users\lucas\AppData\Local\Temp\nmBFCD.tmp
Linking C executable cmTC_e48b6.exe
	E:\Programs\JetBrains\Toolbox\apps\CLion\ch-0\212.5284.51\bin\cmake\win\bin\cmake.exe -E vs_link_exe --intdir=CMakeFiles\cmTC_e48b6.dir --rc="E:\Windows Kits\10\bin\10.0.19041.0\x86\rc.exe" --mt="E:\Windows Kits\10\bin\10.0.19041.0\x86\mt.exe" --manifests -- "E:\Programs\Microsoft Visual Studio\2019\Community\VC\Tools\MSVC\14.29.30133\bin\Hostx86\x86\link.exe" /nologo @CMakeFiles\cmTC_e48b6.dir\objects1.rsp @C:\Users\lucas\AppData\Local\Temp\nmC01C.tmp



Detecting CXX compiler ABI info compiled with the following output:
Change Dir: E:/OneDrive/Radboud/Software Security/Assignments/PREfast/cmake-build-debug/CMakeFiles/CMakeTmp

Run Build Command(s):nmake -f Makefile /nologo cmTC_f8740\fast && 	"E:\Programs\Microsoft Visual Studio\2019\Community\VC\Tools\MSVC\14.29.30133\bin\HostX86\x86\nmake.exe"  -f CMakeFiles\cmTC_f8740.dir\build.make /nologo -L                  CMakeFiles\cmTC_f8740.dir\build
Building CXX object CMakeFiles/cmTC_f8740.dir/CMakeCXXCompilerABI.cpp.obj
	E:\Programs\JetBrains\Toolbox\apps\CLion\ch-0\212.5284.51\bin\cmake\win\bin\cmake.exe -E cmake_cl_compile_depends --dep-file=CMakeFiles\cmTC_f8740.dir\CMakeCXXCompilerABI.cpp.obj.d --working-dir="E:\OneDrive\Radboud\Software Security\Assignments\PREfast\cmake-build-debug\CMakeFiles\CMakeTmp" --filter-prefix="" -- "E:\Programs\Microsoft Visual Studio\2019\Community\VC\Tools\MSVC\14.29.30133\bin\Hostx86\x86\cl.exe" @C:\Users\lucas\AppData\Local\Temp\nmC1B1.tmp
Linking CXX executable cmTC_f8740.exe
	E:\Programs\JetBrains\Toolbox\apps\CLion\ch-0\212.5284.51\bin\cmake\win\bin\cmake.exe -E vs_link_exe --intdir=CMakeFiles\cmTC_f8740.dir --rc="E:\Windows Kits\10\bin\10.0.19041.0\x86\rc.exe" --mt="E:\Windows Kits\10\bin\10.0.19041.0\x86\mt.exe" --manifests -- "E:\Programs\Microsoft Visual Studio\2019\Community\VC\Tools\MSVC\14.29.30133\bin\Hostx86\x86\link.exe" /nologo @CMakeFiles\cmTC_f8740.dir\objects1.rsp @C:\Users\lucas\AppData\Local\Temp\nmC220.tmp



